<?xml version="1.0" encoding="utf-8"?><testsuites name="pytest tests"><testsuite name="pytest" errors="0" failures="0" skipped="0" tests="14" time="44.996" timestamp="2026-07-31T01:08:12.426123+00:00" hostname="agent-env-671b4ee1-78a1-4d47-84d3-ecc1c4af35fa"><testcase classname="tests.test_iteration_4_os_payments_copilot.TestPayments" name="test_checkout_subscription_trial_guest" time="0.576" /><testcase classname="tests.test_iteration_4_os_payments_copilot.TestCopilotOps" name="test_create_task" time="0.581" /><testcase classname="tests.test_iteration_4_os_payments_copilot.TestPayments" name="test_checkout_founder_deal_pix_or_card" time="1.763" /><testcase classname="tests.test_iteration_4_os_payments_copilot.TestCopilotOps" name="test_generate_proposal" time="20.084" /><testcase classname="tests.test_iteration_4_os_payments_copilot.TestPayments" name="test_status_endpoint_no_auth" time="0.745" /><testcase classname="tests.test_iteration_4_os_payments_copilot.TestPayments" name="test_os_checkout_authed" time="0.685" /><testcase classname="tests.test_iteration_4_os_payments_copilot.TestPayments" name="test_os_checkout_no_total_400" time="0.150" /><testcase classname="tests.test_iteration_4_os_payments_copilot.TestOSCrud" name="test_os_requires_auth" time="0.219" /><testcase classname="tests.test_iteration_4_os_payments_copilot.TestOSCrud" name="test_os_crud_flow" time="0.304" /><testcase classname="tests.test_iteration_4_os_payments_copilot.TestOSIntegrations" name="test_os_from_lead" time="0.157" /><testcase classname="tests.test_iteration_4_os_payments_copilot.TestOSIntegrations" name="test_os_to_project_and_idempotent" time="0.300" /><testcase classname="tests.test_iteration_4_os_payments_copilot.TestFounderDeal" name="test_public_founder_deal" time="0.103" /><testcase classname="tests.test_iteration_4_os_payments_copilot.TestCopilotOps" name="test_generate_report" time="23.418" /><testcase classname="tests.test_iteration_4_os_payments_copilot.TestCopilotOps" name="test_copilot_endpoints_require_auth" time="0.447" /></testsuite></testsuites>