<?xml version="1.0" encoding="utf-8"?><testsuites name="pytest tests"><testsuite name="pytest" errors="0" failures="0" skipped="0" tests="10" time="6.529" timestamp="2026-07-31T01:50:36.286194+00:00" hostname="agent-env-671b4ee1-78a1-4d47-84d3-ecc1c4af35fa"><testcase classname="tests.test_iteration_6_comments_notifs" name="test_tasks_all_returns_org_tasks" time="0.384" /><testcase classname="tests.test_iteration_6_comments_notifs" name="test_tasks_all_requires_auth" time="0.109" /><testcase classname="tests.test_iteration_6_comments_notifs" name="test_list_comments_empty" time="0.098" /><testcase classname="tests.test_iteration_6_comments_notifs" name="test_create_comment_with_mention_creates_notification" time="0.511" /><testcase classname="tests.test_iteration_6_comments_notifs" name="test_self_mention_does_not_notify" time="0.321" /><testcase classname="tests.test_iteration_6_comments_notifs" name="test_delete_comment_forbidden_for_non_author" time="0.445" /><testcase classname="tests.test_iteration_6_comments_notifs" name="test_notifications_list_shape" time="0.104" /><testcase classname="tests.test_iteration_6_comments_notifs" name="test_mark_single_read_decrements_unread" time="0.582" /><testcase classname="tests.test_iteration_6_comments_notifs" name="test_mark_all_read" time="3.361" /><testcase classname="tests.test_iteration_6_comments_notifs" name="test_notifications_requires_auth" time="0.113" /></testsuite></testsuites>