<?xml version="1.0" encoding="utf-8"?><testsuites name="pytest tests"><testsuite name="pytest" errors="0" failures="0" skipped="0" tests="17" time="5.747" timestamp="2026-07-31T01:33:25.275335+00:00" hostname="agent-env-671b4ee1-78a1-4d47-84d3-ecc1c4af35fa"><testcase classname="tests.test_iteration_5_prisma_v13" name="test_auth_me" time="0.187" /><testcase classname="tests.test_iteration_5_prisma_v13" name="test_os_created_has_all_fields" time="0.050" /><testcase classname="tests.test_iteration_5_prisma_v13" name="test_os_patch_custom_fields_and_recurrence" time="0.097" /><testcase classname="tests.test_iteration_5_prisma_v13" name="test_list_templates_contains_created" time="0.096" /><testcase classname="tests.test_iteration_5_prisma_v13" name="test_os_from_template" time="0.097" /><testcase classname="tests.test_iteration_5_prisma_v13" name="test_os_send_email_and_whatsapp" time="0.655" /><testcase classname="tests.test_iteration_5_prisma_v13" name="test_os_send_no_contact_still_ok" time="0.180" /><testcase classname="tests.test_iteration_5_prisma_v13" name="test_public_get_os" time="0.106" /><testcase classname="tests.test_iteration_5_prisma_v13" name="test_public_related" time="0.102" /><testcase classname="tests.test_iteration_5_prisma_v13" name="test_public_sign_flow" time="0.849" /><testcase classname="tests.test_iteration_5_prisma_v13" name="test_public_receipt_before_sign_fails" time="0.203" /><testcase classname="tests.test_iteration_5_prisma_v13" name="test_public_checkout" time="0.480" /><testcase classname="tests.test_iteration_5_prisma_v13" name="test_task_time_start_stop" time="2.203" /><testcase classname="tests.test_iteration_5_prisma_v13" name="test_task_time_manual_log" time="0.049" /><testcase classname="tests.test_iteration_5_prisma_v13" name="test_task_patch_custom_fields_and_status" time="0.093" /><testcase classname="tests.test_iteration_5_prisma_v13" name="test_recurrence_lazy_generates_child" time="0.066" /><testcase classname="tests.test_iteration_5_prisma_v13" name="test_zzz_cleanup" time="0.100" /></testsuite></testsuites>