<?xml version="1.0" encoding="utf-8"?><testsuites name="pytest tests"><testsuite name="pytest" errors="0" failures="0" skipped="0" tests="14" time="4.118" timestamp="2026-07-28T09:42:41.750302+00:00" hostname="agent-env-671b4ee1-78a1-4d47-84d3-ecc1c4af35fa"><testcase classname="tests.test_iteration_2.TestTeam" name="test_members_list" time="0.247" /><testcase classname="tests.test_iteration_2.TestAutomationEngine" name="test_novo_lead_fires_criar_tarefa" time="0.447" /><testcase classname="tests.test_iteration_2.TestTeam" name="test_invite_flow" time="0.918" /><testcase classname="tests.test_iteration_2.TestAutomationEngine" name="test_proposta_enviada_only_on_change" time="1.614" /><testcase classname="tests.test_iteration_2.TestTeam" name="test_invite_unauthorized" time="0.094" /><testcase classname="tests.test_iteration_2.TestTeam" name="test_change_role_owner_only" time="0.152" /><testcase classname="tests.test_iteration_2.TestWaConfig" name="test_wa_config_twilio_enabled" time="0.068" /><testcase classname="tests.test_iteration_2.TestDocsUpload" name="test_upload_and_download" time="0.916" /><testcase classname="tests.test_iteration_2.TestAutomationEngine" name="test_fatura_vencida_triggers" time="0.245" /><testcase classname="tests.test_iteration_2.TestAutomationEngine" name="test_manual_test_email" time="0.332" /><testcase classname="tests.test_iteration_2.TestWaWebhook" name="test_webhook_inbound_and_trigger" time="0.892" /><testcase classname="tests.test_iteration_2.TestAutomationEngine" name="test_manual_test_whatsapp_no_crash" time="0.516" /><testcase classname="tests.test_iteration_2.TestAutomationEngine" name="test_notificar_time" time="0.464" /><testcase classname="tests.test_iteration_2.TestWaOutgoing" name="test_outgoing_auto_provider_no_5xx" time="0.297" /></testsuite></testsuites>