<?xml version="1.0" encoding="utf-8"?><testsuites name="pytest tests"><testsuite name="pytest" errors="0" failures="0" skipped="0" tests="13" time="4.327" timestamp="2026-07-28T08:58:14.953845+00:00" hostname="agent-env-671b4ee1-78a1-4d47-84d3-ecc1c4af35fa"><testcase classname="tests.test_nucleo_ia.TestAuth" name="test_me_ok" time="0.171" /><testcase classname="tests.test_nucleo_ia.TestCRM" name="test_list_leads_seeded" time="0.236" /><testcase classname="tests.test_nucleo_ia.TestAuth" name="test_me_unauthorized" time="0.176" /><testcase classname="tests.test_nucleo_ia.TestCRM" name="test_crud_lead" time="0.327" /><testcase classname="tests.test_nucleo_ia.TestAuth" name="test_leads_unauthorized" time="0.096" /><testcase classname="tests.test_nucleo_ia.TestDashboard" name="test_overview" time="0.047" /><testcase classname="tests.test_nucleo_ia.TestProjects" name="test_projects_and_tasks" time="0.349" /><testcase classname="tests.test_nucleo_ia.TestWhatsApp" name="test_chats_and_messages" time="0.194" /><testcase classname="tests.test_nucleo_ia.TestWhatsApp" name="test_create_chat" time="0.047" /><testcase classname="tests.test_nucleo_ia.TestAutomations" name="test_auto_crud" time="0.260" /><testcase classname="tests.test_nucleo_ia.TestFinance" name="test_finance_crud" time="0.172" /><testcase classname="tests.test_nucleo_ia.TestDocs" name="test_doc_crud" time="0.145" /><testcase classname="tests.test_nucleo_ia.TestCopilot" name="test_copilot_stream" time="2.753" /></testsuite></testsuites>